[30-Nov-2017 13:46:44 Asia/Riyadh] PHP Notice:  Undefined index: cc-status in C:\Users\AMD\Desktop\Classes\GaTech\Databases\Project\6400Fall17Team044\Phase 3\pickup_summary.php on line 101
[30-Nov-2017 13:46:44 Asia/Riyadh] PHP Notice:  Undefined index: cc-status in C:\Users\AMD\Desktop\Classes\GaTech\Databases\Project\6400Fall17Team044\Phase 3\pickup_summary.php on line 138
[30-Nov-2017 13:46:44 Asia/Riyadh] PHP Notice:  Undefined index: cc-year in C:\Users\AMD\Desktop\Classes\GaTech\Databases\Project\6400Fall17Team044\Phase 3\pickup_summary.php on line 248
[30-Nov-2017 13:46:44 Asia/Riyadh] PHP Notice:  Undefined index: cc-month in C:\Users\AMD\Desktop\Classes\GaTech\Databases\Project\6400Fall17Team044\Phase 3\pickup_summary.php on line 251
[30-Nov-2017 13:46:44 Asia/Riyadh] PHP Notice:  Undefined index: cc-month in C:\Users\AMD\Desktop\Classes\GaTech\Databases\Project\6400Fall17Team044\Phase 3\pickup_summary.php on line 252
[30-Nov-2017 13:46:44 Asia/Riyadh] PHP Notice:  Undefined index: cc-month in C:\Users\AMD\Desktop\Classes\GaTech\Databases\Project\6400Fall17Team044\Phase 3\pickup_summary.php on line 253
[30-Nov-2017 13:46:44 Asia/Riyadh] PHP Notice:  Undefined index: cc-month in C:\Users\AMD\Desktop\Classes\GaTech\Databases\Project\6400Fall17Team044\Phase 3\pickup_summary.php on line 254
[30-Nov-2017 13:46:44 Asia/Riyadh] PHP Notice:  Undefined index: cc-month in C:\Users\AMD\Desktop\Classes\GaTech\Databases\Project\6400Fall17Team044\Phase 3\pickup_summary.php on line 255
[30-Nov-2017 13:46:44 Asia/Riyadh] PHP Notice:  Undefined index: cc-month in C:\Users\AMD\Desktop\Classes\GaTech\Databases\Project\6400Fall17Team044\Phase 3\pickup_summary.php on line 256
[30-Nov-2017 13:46:44 Asia/Riyadh] PHP Notice:  Undefined index: cc-month in C:\Users\AMD\Desktop\Classes\GaTech\Databases\Project\6400Fall17Team044\Phase 3\pickup_summary.php on line 257
[30-Nov-2017 13:46:44 Asia/Riyadh] PHP Notice:  Undefined index: cc-month in C:\Users\AMD\Desktop\Classes\GaTech\Databases\Project\6400Fall17Team044\Phase 3\pickup_summary.php on line 258
[30-Nov-2017 13:46:44 Asia/Riyadh] PHP Notice:  Undefined index: cc-month in C:\Users\AMD\Desktop\Classes\GaTech\Databases\Project\6400Fall17Team044\Phase 3\pickup_summary.php on line 259
[30-Nov-2017 13:46:44 Asia/Riyadh] PHP Notice:  Undefined index: cc-month in C:\Users\AMD\Desktop\Classes\GaTech\Databases\Project\6400Fall17Team044\Phase 3\pickup_summary.php on line 260
[30-Nov-2017 13:46:44 Asia/Riyadh] PHP Notice:  Undefined index: cc-month in C:\Users\AMD\Desktop\Classes\GaTech\Databases\Project\6400Fall17Team044\Phase 3\pickup_summary.php on line 261
[30-Nov-2017 13:46:44 Asia/Riyadh] PHP Notice:  Undefined index: cc-month in C:\Users\AMD\Desktop\Classes\GaTech\Databases\Project\6400Fall17Team044\Phase 3\pickup_summary.php on line 262
[30-Nov-2017 13:46:44 Asia/Riyadh] PHP Notice:  Undefined index: cc-year in C:\Users\AMD\Desktop\Classes\GaTech\Databases\Project\6400Fall17Team044\Phase 3\pickup_summary.php on line 271
[30-Nov-2017 13:46:44 Asia/Riyadh] PHP Notice:  Undefined index: cc-year in C:\Users\AMD\Desktop\Classes\GaTech\Databases\Project\6400Fall17Team044\Phase 3\pickup_summary.php on line 274
[30-Nov-2017 13:46:44 Asia/Riyadh] PHP Notice:  Undefined index: cc-year in C:\Users\AMD\Desktop\Classes\GaTech\Databases\Project\6400Fall17Team044\Phase 3\pickup_summary.php on line 275
[30-Nov-2017 13:46:44 Asia/Riyadh] PHP Notice:  Undefined index: cc-year in C:\Users\AMD\Desktop\Classes\GaTech\Databases\Project\6400Fall17Team044\Phase 3\pickup_summary.php on line 276
[30-Nov-2017 13:46:44 Asia/Riyadh] PHP Notice:  Undefined index: cc-year in C:\Users\AMD\Desktop\Classes\GaTech\Databases\Project\6400Fall17Team044\Phase 3\pickup_summary.php on line 277
[30-Nov-2017 13:46:44 Asia/Riyadh] PHP Notice:  Undefined index: cc-year in C:\Users\AMD\Desktop\Classes\GaTech\Databases\Project\6400Fall17Team044\Phase 3\pickup_summary.php on line 278
[30-Nov-2017 13:46:44 Asia/Riyadh] PHP Notice:  Undefined index: cc-year in C:\Users\AMD\Desktop\Classes\GaTech\Databases\Project\6400Fall17Team044\Phase 3\pickup_summary.php on line 279
[30-Nov-2017 13:46:44 Asia/Riyadh] PHP Notice:  Undefined index: cc-year in C:\Users\AMD\Desktop\Classes\GaTech\Databases\Project\6400Fall17Team044\Phase 3\pickup_summary.php on line 280
[30-Nov-2017 13:46:44 Asia/Riyadh] PHP Notice:  Undefined index: cc-year in C:\Users\AMD\Desktop\Classes\GaTech\Databases\Project\6400Fall17Team044\Phase 3\pickup_summary.php on line 281
[30-Nov-2017 13:46:44 Asia/Riyadh] PHP Notice:  Undefined index: cc-year in C:\Users\AMD\Desktop\Classes\GaTech\Databases\Project\6400Fall17Team044\Phase 3\pickup_summary.php on line 282
[30-Nov-2017 13:46:44 Asia/Riyadh] PHP Notice:  Undefined index: cc-year in C:\Users\AMD\Desktop\Classes\GaTech\Databases\Project\6400Fall17Team044\Phase 3\pickup_summary.php on line 283
[30-Nov-2017 13:46:44 Asia/Riyadh] PHP Notice:  Undefined index: cc-year in C:\Users\AMD\Desktop\Classes\GaTech\Databases\Project\6400Fall17Team044\Phase 3\pickup_summary.php on line 284
[30-Nov-2017 13:46:44 Asia/Riyadh] PHP Notice:  Undefined index: cc-year in C:\Users\AMD\Desktop\Classes\GaTech\Databases\Project\6400Fall17Team044\Phase 3\pickup_summary.php on line 285
[30-Nov-2017 13:47:32 Asia/Riyadh] PHP Notice:  Undefined index: cc-status in C:\Users\AMD\Desktop\Classes\GaTech\Databases\Project\6400Fall17Team044\Phase 3\pickup_summary.php on line 101
[30-Nov-2017 13:47:32 Asia/Riyadh] PHP Notice:  Undefined index: cc-status in C:\Users\AMD\Desktop\Classes\GaTech\Databases\Project\6400Fall17Team044\Phase 3\pickup_summary.php on line 138
[30-Nov-2017 13:47:32 Asia/Riyadh] PHP Notice:  Undefined index: cc-year in C:\Users\AMD\Desktop\Classes\GaTech\Databases\Project\6400Fall17Team044\Phase 3\pickup_summary.php on line 248
[30-Nov-2017 13:47:32 Asia/Riyadh] PHP Notice:  Undefined index: cc-month in C:\Users\AMD\Desktop\Classes\GaTech\Databases\Project\6400Fall17Team044\Phase 3\pickup_summary.php on line 251
[30-Nov-2017 13:47:32 Asia/Riyadh] PHP Notice:  Undefined index: cc-month in C:\Users\AMD\Desktop\Classes\GaTech\Databases\Project\6400Fall17Team044\Phase 3\pickup_summary.php on line 252
[30-Nov-2017 13:47:32 Asia/Riyadh] PHP Notice:  Undefined index: cc-month in C:\Users\AMD\Desktop\Classes\GaTech\Databases\Project\6400Fall17Team044\Phase 3\pickup_summary.php on line 253
[30-Nov-2017 13:47:32 Asia/Riyadh] PHP Notice:  Undefined index: cc-month in C:\Users\AMD\Desktop\Classes\GaTech\Databases\Project\6400Fall17Team044\Phase 3\pickup_summary.php on line 254
[30-Nov-2017 13:47:32 Asia/Riyadh] PHP Notice:  Undefined index: cc-month in C:\Users\AMD\Desktop\Classes\GaTech\Databases\Project\6400Fall17Team044\Phase 3\pickup_summary.php on line 255
[30-Nov-2017 13:47:32 Asia/Riyadh] PHP Notice:  Undefined index: cc-month in C:\Users\AMD\Desktop\Classes\GaTech\Databases\Project\6400Fall17Team044\Phase 3\pickup_summary.php on line 256
[30-Nov-2017 13:47:32 Asia/Riyadh] PHP Notice:  Undefined index: cc-month in C:\Users\AMD\Desktop\Classes\GaTech\Databases\Project\6400Fall17Team044\Phase 3\pickup_summary.php on line 257
[30-Nov-2017 13:47:32 Asia/Riyadh] PHP Notice:  Undefined index: cc-month in C:\Users\AMD\Desktop\Classes\GaTech\Databases\Project\6400Fall17Team044\Phase 3\pickup_summary.php on line 258
[30-Nov-2017 13:47:32 Asia/Riyadh] PHP Notice:  Undefined index: cc-month in C:\Users\AMD\Desktop\Classes\GaTech\Databases\Project\6400Fall17Team044\Phase 3\pickup_summary.php on line 259
[30-Nov-2017 13:47:32 Asia/Riyadh] PHP Notice:  Undefined index: cc-month in C:\Users\AMD\Desktop\Classes\GaTech\Databases\Project\6400Fall17Team044\Phase 3\pickup_summary.php on line 260
[30-Nov-2017 13:47:32 Asia/Riyadh] PHP Notice:  Undefined index: cc-month in C:\Users\AMD\Desktop\Classes\GaTech\Databases\Project\6400Fall17Team044\Phase 3\pickup_summary.php on line 261
[30-Nov-2017 13:47:32 Asia/Riyadh] PHP Notice:  Undefined index: cc-month in C:\Users\AMD\Desktop\Classes\GaTech\Databases\Project\6400Fall17Team044\Phase 3\pickup_summary.php on line 262
[30-Nov-2017 13:47:32 Asia/Riyadh] PHP Notice:  Undefined index: cc-year in C:\Users\AMD\Desktop\Classes\GaTech\Databases\Project\6400Fall17Team044\Phase 3\pickup_summary.php on line 271
[30-Nov-2017 13:47:32 Asia/Riyadh] PHP Notice:  Undefined index: cc-year in C:\Users\AMD\Desktop\Classes\GaTech\Databases\Project\6400Fall17Team044\Phase 3\pickup_summary.php on line 274
[30-Nov-2017 13:47:32 Asia/Riyadh] PHP Notice:  Undefined index: cc-year in C:\Users\AMD\Desktop\Classes\GaTech\Databases\Project\6400Fall17Team044\Phase 3\pickup_summary.php on line 275
[30-Nov-2017 13:47:32 Asia/Riyadh] PHP Notice:  Undefined index: cc-year in C:\Users\AMD\Desktop\Classes\GaTech\Databases\Project\6400Fall17Team044\Phase 3\pickup_summary.php on line 276
[30-Nov-2017 13:47:32 Asia/Riyadh] PHP Notice:  Undefined index: cc-year in C:\Users\AMD\Desktop\Classes\GaTech\Databases\Project\6400Fall17Team044\Phase 3\pickup_summary.php on line 277
[30-Nov-2017 13:47:32 Asia/Riyadh] PHP Notice:  Undefined index: cc-year in C:\Users\AMD\Desktop\Classes\GaTech\Databases\Project\6400Fall17Team044\Phase 3\pickup_summary.php on line 278
[30-Nov-2017 13:47:32 Asia/Riyadh] PHP Notice:  Undefined index: cc-year in C:\Users\AMD\Desktop\Classes\GaTech\Databases\Project\6400Fall17Team044\Phase 3\pickup_summary.php on line 279
[30-Nov-2017 13:47:32 Asia/Riyadh] PHP Notice:  Undefined index: cc-year in C:\Users\AMD\Desktop\Classes\GaTech\Databases\Project\6400Fall17Team044\Phase 3\pickup_summary.php on line 280
[30-Nov-2017 13:47:32 Asia/Riyadh] PHP Notice:  Undefined index: cc-year in C:\Users\AMD\Desktop\Classes\GaTech\Databases\Project\6400Fall17Team044\Phase 3\pickup_summary.php on line 281
[30-Nov-2017 13:47:32 Asia/Riyadh] PHP Notice:  Undefined index: cc-year in C:\Users\AMD\Desktop\Classes\GaTech\Databases\Project\6400Fall17Team044\Phase 3\pickup_summary.php on line 282
[30-Nov-2017 13:47:32 Asia/Riyadh] PHP Notice:  Undefined index: cc-year in C:\Users\AMD\Desktop\Classes\GaTech\Databases\Project\6400Fall17Team044\Phase 3\pickup_summary.php on line 283
[30-Nov-2017 13:47:32 Asia/Riyadh] PHP Notice:  Undefined index: cc-year in C:\Users\AMD\Desktop\Classes\GaTech\Databases\Project\6400Fall17Team044\Phase 3\pickup_summary.php on line 284
[30-Nov-2017 13:47:32 Asia/Riyadh] PHP Notice:  Undefined index: cc-year in C:\Users\AMD\Desktop\Classes\GaTech\Databases\Project\6400Fall17Team044\Phase 3\pickup_summary.php on line 285
[30-Nov-2017 14:16:10 Asia/Riyadh] PHP Notice:  Undefined index: start-date in C:\Users\AMD\Desktop\Classes\GaTech\Databases\Project\6400Fall17Team044\Phase 3\make_reservation.php on line 187
[30-Nov-2017 14:16:10 Asia/Riyadh] PHP Notice:  Undefined index: end-date in C:\Users\AMD\Desktop\Classes\GaTech\Databases\Project\6400Fall17Team044\Phase 3\make_reservation.php on line 192
[30-Nov-2017 14:16:40 Asia/Riyadh] PHP Notice:  Undefined variable: result in C:\Users\AMD\Desktop\Classes\GaTech\Databases\Project\6400Fall17Team044\Phase 3\lib\show_queries.php on line 11
[30-Nov-2017 14:16:40 Asia/Riyadh] PHP Notice:  Undefined variable: query in C:\Users\AMD\Desktop\Classes\GaTech\Databases\Project\6400Fall17Team044\Phase 3\lib\show_queries.php on line 23
[30-Nov-2017 14:16:44 Asia/Riyadh] PHP Notice:  Undefined variable: result in C:\Users\AMD\Desktop\Classes\GaTech\Databases\Project\6400Fall17Team044\Phase 3\lib\show_queries.php on line 11
[30-Nov-2017 14:16:44 Asia/Riyadh] PHP Notice:  Undefined variable: query in C:\Users\AMD\Desktop\Classes\GaTech\Databases\Project\6400Fall17Team044\Phase 3\lib\show_queries.php on line 23
[30-Nov-2017 14:16:47 Asia/Riyadh] PHP Notice:  Undefined variable: result in C:\Users\AMD\Desktop\Classes\GaTech\Databases\Project\6400Fall17Team044\Phase 3\lib\show_queries.php on line 11
[30-Nov-2017 14:16:47 Asia/Riyadh] PHP Notice:  Undefined variable: query in C:\Users\AMD\Desktop\Classes\GaTech\Databases\Project\6400Fall17Team044\Phase 3\lib\show_queries.php on line 23
[30-Nov-2017 14:16:53 Asia/Riyadh] PHP Notice:  Undefined variable: result in C:\Users\AMD\Desktop\Classes\GaTech\Databases\Project\6400Fall17Team044\Phase 3\lib\show_queries.php on line 11
[30-Nov-2017 14:16:53 Asia/Riyadh] PHP Notice:  Undefined variable: query in C:\Users\AMD\Desktop\Classes\GaTech\Databases\Project\6400Fall17Team044\Phase 3\lib\show_queries.php on line 23
[30-Nov-2017 14:19:20 Asia/Riyadh] PHP Notice:  Undefined variable: password_again in C:\Users\AMD\Desktop\Classes\GaTech\Databases\Project\6400Fall17Team044\Phase 3\change_password.php on line 106
[30-Nov-2017 14:19:32 Asia/Riyadh] PHP Notice:  Undefined variable: result in C:\Users\AMD\Desktop\Classes\GaTech\Databases\Project\6400Fall17Team044\Phase 3\lib\show_queries.php on line 11
[30-Nov-2017 14:19:52 Asia/Riyadh] PHP Notice:  Undefined index: cc-status in C:\Users\AMD\Desktop\Classes\GaTech\Databases\Project\6400Fall17Team044\Phase 3\pickup_summary.php on line 101
[30-Nov-2017 14:19:52 Asia/Riyadh] PHP Notice:  Undefined index: cc-status in C:\Users\AMD\Desktop\Classes\GaTech\Databases\Project\6400Fall17Team044\Phase 3\pickup_summary.php on line 150
[30-Nov-2017 14:19:52 Asia/Riyadh] PHP Notice:  Undefined index: cc-year in C:\Users\AMD\Desktop\Classes\GaTech\Databases\Project\6400Fall17Team044\Phase 3\pickup_summary.php on line 260
[30-Nov-2017 14:19:52 Asia/Riyadh] PHP Notice:  Undefined index: cc-month in C:\Users\AMD\Desktop\Classes\GaTech\Databases\Project\6400Fall17Team044\Phase 3\pickup_summary.php on line 263
[30-Nov-2017 14:19:52 Asia/Riyadh] PHP Notice:  Undefined index: cc-month in C:\Users\AMD\Desktop\Classes\GaTech\Databases\Project\6400Fall17Team044\Phase 3\pickup_summary.php on line 264
[30-Nov-2017 14:19:52 Asia/Riyadh] PHP Notice:  Undefined index: cc-month in C:\Users\AMD\Desktop\Classes\GaTech\Databases\Project\6400Fall17Team044\Phase 3\pickup_summary.php on line 265
[30-Nov-2017 14:19:52 Asia/Riyadh] PHP Notice:  Undefined index: cc-month in C:\Users\AMD\Desktop\Classes\GaTech\Databases\Project\6400Fall17Team044\Phase 3\pickup_summary.php on line 266
[30-Nov-2017 14:19:52 Asia/Riyadh] PHP Notice:  Undefined index: cc-month in C:\Users\AMD\Desktop\Classes\GaTech\Databases\Project\6400Fall17Team044\Phase 3\pickup_summary.php on line 267
[30-Nov-2017 14:19:52 Asia/Riyadh] PHP Notice:  Undefined index: cc-month in C:\Users\AMD\Desktop\Classes\GaTech\Databases\Project\6400Fall17Team044\Phase 3\pickup_summary.php on line 268
[30-Nov-2017 14:19:52 Asia/Riyadh] PHP Notice:  Undefined index: cc-month in C:\Users\AMD\Desktop\Classes\GaTech\Databases\Project\6400Fall17Team044\Phase 3\pickup_summary.php on line 269
[30-Nov-2017 14:19:52 Asia/Riyadh] PHP Notice:  Undefined index: cc-month in C:\Users\AMD\Desktop\Classes\GaTech\Databases\Project\6400Fall17Team044\Phase 3\pickup_summary.php on line 270
[30-Nov-2017 14:19:52 Asia/Riyadh] PHP Notice:  Undefined index: cc-month in C:\Users\AMD\Desktop\Classes\GaTech\Databases\Project\6400Fall17Team044\Phase 3\pickup_summary.php on line 271
[30-Nov-2017 14:19:52 Asia/Riyadh] PHP Notice:  Undefined index: cc-month in C:\Users\AMD\Desktop\Classes\GaTech\Databases\Project\6400Fall17Team044\Phase 3\pickup_summary.php on line 272
[30-Nov-2017 14:19:52 Asia/Riyadh] PHP Notice:  Undefined index: cc-month in C:\Users\AMD\Desktop\Classes\GaTech\Databases\Project\6400Fall17Team044\Phase 3\pickup_summary.php on line 273
[30-Nov-2017 14:19:52 Asia/Riyadh] PHP Notice:  Undefined index: cc-month in C:\Users\AMD\Desktop\Classes\GaTech\Databases\Project\6400Fall17Team044\Phase 3\pickup_summary.php on line 274
[30-Nov-2017 14:19:52 Asia/Riyadh] PHP Notice:  Undefined index: cc-year in C:\Users\AMD\Desktop\Classes\GaTech\Databases\Project\6400Fall17Team044\Phase 3\pickup_summary.php on line 283
[30-Nov-2017 14:19:52 Asia/Riyadh] PHP Notice:  Undefined index: cc-year in C:\Users\AMD\Desktop\Classes\GaTech\Databases\Project\6400Fall17Team044\Phase 3\pickup_summary.php on line 286
[30-Nov-2017 14:19:52 Asia/Riyadh] PHP Notice:  Undefined index: cc-year in C:\Users\AMD\Desktop\Classes\GaTech\Databases\Project\6400Fall17Team044\Phase 3\pickup_summary.php on line 287
[30-Nov-2017 14:19:52 Asia/Riyadh] PHP Notice:  Undefined index: cc-year in C:\Users\AMD\Desktop\Classes\GaTech\Databases\Project\6400Fall17Team044\Phase 3\pickup_summary.php on line 288
[30-Nov-2017 14:19:52 Asia/Riyadh] PHP Notice:  Undefined index: cc-year in C:\Users\AMD\Desktop\Classes\GaTech\Databases\Project\6400Fall17Team044\Phase 3\pickup_summary.php on line 289
[30-Nov-2017 14:19:52 Asia/Riyadh] PHP Notice:  Undefined index: cc-year in C:\Users\AMD\Desktop\Classes\GaTech\Databases\Project\6400Fall17Team044\Phase 3\pickup_summary.php on line 290
[30-Nov-2017 14:19:52 Asia/Riyadh] PHP Notice:  Undefined index: cc-year in C:\Users\AMD\Desktop\Classes\GaTech\Databases\Project\6400Fall17Team044\Phase 3\pickup_summary.php on line 291
[30-Nov-2017 14:19:52 Asia/Riyadh] PHP Notice:  Undefined index: cc-year in C:\Users\AMD\Desktop\Classes\GaTech\Databases\Project\6400Fall17Team044\Phase 3\pickup_summary.php on line 292
[30-Nov-2017 14:19:52 Asia/Riyadh] PHP Notice:  Undefined index: cc-year in C:\Users\AMD\Desktop\Classes\GaTech\Databases\Project\6400Fall17Team044\Phase 3\pickup_summary.php on line 293
[30-Nov-2017 14:19:52 Asia/Riyadh] PHP Notice:  Undefined index: cc-year in C:\Users\AMD\Desktop\Classes\GaTech\Databases\Project\6400Fall17Team044\Phase 3\pickup_summary.php on line 294
[30-Nov-2017 14:19:52 Asia/Riyadh] PHP Notice:  Undefined index: cc-year in C:\Users\AMD\Desktop\Classes\GaTech\Databases\Project\6400Fall17Team044\Phase 3\pickup_summary.php on line 295
[30-Nov-2017 14:19:52 Asia/Riyadh] PHP Notice:  Undefined index: cc-year in C:\Users\AMD\Desktop\Classes\GaTech\Databases\Project\6400Fall17Team044\Phase 3\pickup_summary.php on line 296
[30-Nov-2017 14:19:52 Asia/Riyadh] PHP Notice:  Undefined index: cc-year in C:\Users\AMD\Desktop\Classes\GaTech\Databases\Project\6400Fall17Team044\Phase 3\pickup_summary.php on line 297
[30-Nov-2017 14:20:35 Asia/Riyadh] PHP Notice:  Undefined index: second_post in C:\Users\AMD\Desktop\Classes\GaTech\Databases\Project\6400Fall17Team044\Phase 3\dropoff_summary.php on line 101
[30-Nov-2017 14:38:46 Asia/Riyadh] PHP Notice:  Undefined variable: result in C:\Users\AMD\Desktop\Classes\GaTech\Databases\Project\6400Fall17Team044\Phase 3\lib\show_queries.php on line 11
[30-Nov-2017 14:38:46 Asia/Riyadh] PHP Notice:  Undefined variable: result in C:\Users\AMD\Desktop\Classes\GaTech\Databases\Project\6400Fall17Team044\Phase 3\lib\show_queries.php on line 11
[30-Nov-2017 14:38:46 Asia/Riyadh] PHP Notice:  Undefined variable: result in C:\Users\AMD\Desktop\Classes\GaTech\Databases\Project\6400Fall17Team044\Phase 3\lib\show_queries.php on line 11
[30-Nov-2017 14:41:35 Asia/Riyadh] PHP Notice:  Undefined index: accessory-quantity in C:\Users\AMD\Desktop\Classes\GaTech\Databases\Project\6400Fall17Team044\Phase 3\add_tool.php on line 278
[30-Nov-2017 14:41:35 Asia/Riyadh] PHP Notice:  Undefined index: accessory-quantity in C:\Users\AMD\Desktop\Classes\GaTech\Databases\Project\6400Fall17Team044\Phase 3\add_tool.php on line 278
[30-Nov-2017 14:41:35 Asia/Riyadh] PHP Notice:  Undefined index: accessory-quantity in C:\Users\AMD\Desktop\Classes\GaTech\Databases\Project\6400Fall17Team044\Phase 3\add_tool.php on line 278
[30-Nov-2017 14:41:35 Asia/Riyadh] PHP Notice:  Undefined index: accessory-quantity in C:\Users\AMD\Desktop\Classes\GaTech\Databases\Project\6400Fall17Team044\Phase 3\add_tool.php on line 278
[30-Nov-2017 14:42:49 Asia/Riyadh] PHP Notice:  Undefined index: accessory-quantity in C:\Users\AMD\Desktop\Classes\GaTech\Databases\Project\6400Fall17Team044\Phase 3\add_tool.php on line 278
[30-Nov-2017 14:42:49 Asia/Riyadh] PHP Notice:  Undefined index: accessory-quantity in C:\Users\AMD\Desktop\Classes\GaTech\Databases\Project\6400Fall17Team044\Phase 3\add_tool.php on line 278
[30-Nov-2017 14:42:49 Asia/Riyadh] PHP Notice:  Undefined index: accessory-quantity in C:\Users\AMD\Desktop\Classes\GaTech\Databases\Project\6400Fall17Team044\Phase 3\add_tool.php on line 278
[30-Nov-2017 14:42:49 Asia/Riyadh] PHP Notice:  Undefined index: accessory-quantity in C:\Users\AMD\Desktop\Classes\GaTech\Databases\Project\6400Fall17Team044\Phase 3\add_tool.php on line 278
[30-Nov-2017 14:42:55 Asia/Riyadh] PHP Notice:  Undefined index: accessory-quantity in C:\Users\AMD\Desktop\Classes\GaTech\Databases\Project\6400Fall17Team044\Phase 3\add_tool.php on line 278
[30-Nov-2017 14:42:55 Asia/Riyadh] PHP Notice:  Undefined index: accessory-quantity in C:\Users\AMD\Desktop\Classes\GaTech\Databases\Project\6400Fall17Team044\Phase 3\add_tool.php on line 278
[30-Nov-2017 14:42:55 Asia/Riyadh] PHP Notice:  Undefined index: accessory-quantity in C:\Users\AMD\Desktop\Classes\GaTech\Databases\Project\6400Fall17Team044\Phase 3\add_tool.php on line 278
[30-Nov-2017 14:42:55 Asia/Riyadh] PHP Notice:  Undefined index: accessory-quantity in C:\Users\AMD\Desktop\Classes\GaTech\Databases\Project\6400Fall17Team044\Phase 3\add_tool.php on line 278
[30-Nov-2017 14:43:03 Asia/Riyadh] PHP Notice:  Undefined index: accessory-quantity in C:\Users\AMD\Desktop\Classes\GaTech\Databases\Project\6400Fall17Team044\Phase 3\add_tool.php on line 278
[30-Nov-2017 14:43:03 Asia/Riyadh] PHP Notice:  Undefined index: accessory-quantity in C:\Users\AMD\Desktop\Classes\GaTech\Databases\Project\6400Fall17Team044\Phase 3\add_tool.php on line 278
[30-Nov-2017 14:43:03 Asia/Riyadh] PHP Notice:  Undefined index: accessory-quantity in C:\Users\AMD\Desktop\Classes\GaTech\Databases\Project\6400Fall17Team044\Phase 3\add_tool.php on line 278
[30-Nov-2017 14:43:03 Asia/Riyadh] PHP Notice:  Undefined index: accessory-quantity in C:\Users\AMD\Desktop\Classes\GaTech\Databases\Project\6400Fall17Team044\Phase 3\add_tool.php on line 278
[30-Nov-2017 14:43:24 Asia/Riyadh] PHP Notice:  Undefined index: accessory-quantity in C:\Users\AMD\Desktop\Classes\GaTech\Databases\Project\6400Fall17Team044\Phase 3\add_tool.php on line 278
[30-Nov-2017 14:50:36 Asia/Riyadh] PHP Notice:  Array to string conversion in C:\Users\AMD\Desktop\Classes\GaTech\Databases\Project\6400Fall17Team044\Phase 3\add_tool.php on line 278
[30-Nov-2017 14:50:36 Asia/Riyadh] PHP Notice:  Undefined variable: Array in C:\Users\AMD\Desktop\Classes\GaTech\Databases\Project\6400Fall17Team044\Phase 3\add_tool.php on line 278
[30-Nov-2017 14:50:36 Asia/Riyadh] PHP Notice:  Array to string conversion in C:\Users\AMD\Desktop\Classes\GaTech\Databases\Project\6400Fall17Team044\Phase 3\add_tool.php on line 278
[30-Nov-2017 14:50:36 Asia/Riyadh] PHP Notice:  Undefined variable: Array in C:\Users\AMD\Desktop\Classes\GaTech\Databases\Project\6400Fall17Team044\Phase 3\add_tool.php on line 278
[30-Nov-2017 14:51:15 Asia/Riyadh] PHP Notice:  Array to string conversion in C:\Users\AMD\Desktop\Classes\GaTech\Databases\Project\6400Fall17Team044\Phase 3\add_tool.php on line 278
[30-Nov-2017 14:51:15 Asia/Riyadh] PHP Notice:  Undefined variable: Array in C:\Users\AMD\Desktop\Classes\GaTech\Databases\Project\6400Fall17Team044\Phase 3\add_tool.php on line 278
[30-Nov-2017 14:51:15 Asia/Riyadh] PHP Notice:  Array to string conversion in C:\Users\AMD\Desktop\Classes\GaTech\Databases\Project\6400Fall17Team044\Phase 3\add_tool.php on line 278
[30-Nov-2017 14:51:15 Asia/Riyadh] PHP Notice:  Undefined variable: Array in C:\Users\AMD\Desktop\Classes\GaTech\Databases\Project\6400Fall17Team044\Phase 3\add_tool.php on line 278
[30-Nov-2017 14:52:28 Asia/Riyadh] PHP Notice:  Array to string conversion in C:\Users\AMD\Desktop\Classes\GaTech\Databases\Project\6400Fall17Team044\Phase 3\add_tool.php on line 278
[30-Nov-2017 14:52:28 Asia/Riyadh] PHP Notice:  Undefined variable: Array in C:\Users\AMD\Desktop\Classes\GaTech\Databases\Project\6400Fall17Team044\Phase 3\add_tool.php on line 278
[30-Nov-2017 14:52:28 Asia/Riyadh] PHP Notice:  Array to string conversion in C:\Users\AMD\Desktop\Classes\GaTech\Databases\Project\6400Fall17Team044\Phase 3\add_tool.php on line 278
[30-Nov-2017 14:52:28 Asia/Riyadh] PHP Notice:  Undefined variable: Array in C:\Users\AMD\Desktop\Classes\GaTech\Databases\Project\6400Fall17Team044\Phase 3\add_tool.php on line 278
[30-Nov-2017 14:54:22 Asia/Riyadh] PHP Notice:  Array to string conversion in C:\Users\AMD\Desktop\Classes\GaTech\Databases\Project\6400Fall17Team044\Phase 3\add_tool.php on line 278
[30-Nov-2017 14:54:22 Asia/Riyadh] PHP Notice:  Undefined variable: Array in C:\Users\AMD\Desktop\Classes\GaTech\Databases\Project\6400Fall17Team044\Phase 3\add_tool.php on line 278
[30-Nov-2017 14:54:22 Asia/Riyadh] PHP Notice:  Array to string conversion in C:\Users\AMD\Desktop\Classes\GaTech\Databases\Project\6400Fall17Team044\Phase 3\add_tool.php on line 278
[30-Nov-2017 14:54:22 Asia/Riyadh] PHP Notice:  Undefined variable: Array in C:\Users\AMD\Desktop\Classes\GaTech\Databases\Project\6400Fall17Team044\Phase 3\add_tool.php on line 278
[10-Dec-2017 23:47:14 Asia/Riyadh] PHP Notice:  Undefined index: start-date in C:\Users\AMD\Desktop\Classes\GaTech\Databases\Project\6400Fall17Team044\Phase 3\make_reservation.php on line 187
[10-Dec-2017 23:47:14 Asia/Riyadh] PHP Notice:  Undefined index: end-date in C:\Users\AMD\Desktop\Classes\GaTech\Databases\Project\6400Fall17Team044\Phase 3\make_reservation.php on line 192
[10-Dec-2017 23:47:54 Asia/Riyadh] PHP Notice:  Undefined index: start-date in C:\Users\AMD\Desktop\Classes\GaTech\Databases\Project\6400Fall17Team044\Phase 3\make_reservation.php on line 187
[10-Dec-2017 23:47:54 Asia/Riyadh] PHP Notice:  Undefined index: end-date in C:\Users\AMD\Desktop\Classes\GaTech\Databases\Project\6400Fall17Team044\Phase 3\make_reservation.php on line 192
[10-Dec-2017 23:48:09 Asia/Riyadh] PHP Notice:  Undefined variable: result in C:\Users\AMD\Desktop\Classes\GaTech\Databases\Project\6400Fall17Team044\Phase 3\lib\show_queries.php on line 11
[10-Dec-2017 23:48:09 Asia/Riyadh] PHP Notice:  Undefined variable: query in C:\Users\AMD\Desktop\Classes\GaTech\Databases\Project\6400Fall17Team044\Phase 3\lib\show_queries.php on line 23
[10-Dec-2017 23:48:11 Asia/Riyadh] PHP Notice:  Undefined variable: result in C:\Users\AMD\Desktop\Classes\GaTech\Databases\Project\6400Fall17Team044\Phase 3\lib\show_queries.php on line 11
[10-Dec-2017 23:48:11 Asia/Riyadh] PHP Notice:  Undefined variable: query in C:\Users\AMD\Desktop\Classes\GaTech\Databases\Project\6400Fall17Team044\Phase 3\lib\show_queries.php on line 23
[10-Dec-2017 23:48:12 Asia/Riyadh] PHP Notice:  Undefined variable: result in C:\Users\AMD\Desktop\Classes\GaTech\Databases\Project\6400Fall17Team044\Phase 3\lib\show_queries.php on line 11
[10-Dec-2017 23:48:12 Asia/Riyadh] PHP Notice:  Undefined variable: query in C:\Users\AMD\Desktop\Classes\GaTech\Databases\Project\6400Fall17Team044\Phase 3\lib\show_queries.php on line 23
[10-Dec-2017 23:48:21 Asia/Riyadh] PHP Notice:  Undefined index: start-date in C:\Users\AMD\Desktop\Classes\GaTech\Databases\Project\6400Fall17Team044\Phase 3\make_reservation.php on line 187
[10-Dec-2017 23:48:21 Asia/Riyadh] PHP Notice:  Undefined index: end-date in C:\Users\AMD\Desktop\Classes\GaTech\Databases\Project\6400Fall17Team044\Phase 3\make_reservation.php on line 192
